=> F9
raiz dir esq SIM
=> Ghostbusters: Afterlife
raiz dir esq dir esq esq SIM
=> Godzilla vs. Kong
raiz dir esq dir esq esq DIR ESQ SIM
=> No Time to Die
raiz dir esq dir esq dir dir dir esq dir SIM
=> Death on the Nile
raiz ESQ NAO
=> Diary of a Wimpy Kid
raiz SIM
=> Free Guy
raiz dir esq DIR DIR NAO
=> American Siege
raiz esq esq NAO
=> Blacklight
raiz esq SIM
=> Catwoman: Hunted
raiz esq dir ESQ NAO
=> PAW Patrol: The Movie
raiz dir esq dir NAO
=> Red Notice
raiz dir SIM
=> The Last Duel
raiz dir dir esq esq esq esq DIR ESQ NAO
=> West Side Story
raiz dir dir esq esq dir ESQ ESQ NAO
=> Zack Snyder's Justice League
raiz dir dir SIM
=> Fistful of Vengeance
raiz dir esq DIR SIM
=> Snake Eyes: G.I. Joe Origins
raiz dir dir esq esq esq esq esq ESQ NAO
